client_19-sample
0x9a 0x25 0x06 0x00 0xff 0xff 0x6e 0x26 0x00 0x38 0x00 0xa1 0x00 0xd7 0x00 0x76 
0x0e 0x00 0x00 0x00 0x00 0x00 0x00 0x00 0x00 0x37 0x00 0x37 0x00 0xaf 0x01 0x33 
0x00 0x00 0x00 0x00 0x00 0x00 0x00 0x00 0x00 0x00 0x01 0x00 0x92 0x00 0x10 0x00 
0x00 0x01 0x11 0x10 0x11 0x11 0x00 0x01 0x00 0x00 0x10 0x11 0x01 0x00 0x00 0x00 
0x00 0x00 0x00 0x00 0x00 0x00 0x00 0x00 0x00 0x01 0x00 0x00 0x30 0x12 0x00 0x10 
0x00 0x00 0x01 0x11 0x10 0x11 0x11 0x00 0x01 0x00 0x00 0x00 0x00 0x00 0x00 0x00 
0x00 0x00 0x00 0x00 0x10 0x00 0x00 0x00 0x00 0x00 0x00 0x00 0x00 0x10 0x11 0x01 
0x01 0x01 0x00 0x00 0x00 0x00 0x00 0x00 0x00 0x00 0x00 0x00 0x00 0x00 0x00 0x00 
0x00 0x00 0x00 0x00 0x00 0x00 0x00 0x00 0x00 0x00 0x00 0x00 0x10 0x01 0x00 0x00 
0x00 0x00 0x00 0x00 0x00 0x10 0x00 0x00 0x10 0x01 

client_19-sample
0x9a 0x25 0x06 0x00 0xff 0xff 0x6e 0x26 0x00 0x38 0x00 0xa1 0x00 0xd7 0x00 0x76 
0x0e 0x00 0x00 0x00 0x00 0x00 0x00 0x00 0x00 0x37 0x00 0x37 0x00 0xaf 0x01 0x33 
0x00 0x00 0x00 0x00 0x00 0x00 0x00 0x00 0x00 0x00 0x01 0x00 0x92 0x00 0x10 0x00 
0x00 0x01 0x11 0x10 0x11 0x11 0x00 0x01 0x00 0x00 0x10 0x11 0x01 0x00 0x00 0x00 
0x00 0x00 0x00 0x00 0x00 0x00 0x00 0x00 0x00 0x01 0x00 0x00 0x30 0x12 0x00 0x10 
0x00 0x00 0x01 0x11 0x10 0x11 0x11 0x00 0x01 0x00 0x00 0x00 0x00 0x00 0x00 0x00 
0x00 0x00 0x00 0x00 0x10 0x00 0x00 0x00 0x00 0x00 0x00 0x00 0x00 0x10 0x11 0x01 
0x01 0x01 0x00 0x00 0x00 0x00 0x00 0x00 0x00 0x00 0x00 0x00 0x00 0x00 0x00 0x00 
0x00 0x00 0x00 0x00 0x00 0x00 0x00 0x00 0x00 0x00 0x00 0x00 0x10 0x01 0x00 0x00 
0x00 0x00 0x00 0x00 0x00 0x10 0x00 0x00 0x10 0x01 

client_19-sample
0x9a 0x25 0x06 0x00 0xff 0xff 0x6e 0x26 0x00 0x38 0x00 0xa1 0x00 0xd7 0x00 0x76 
0x0e 0x00 0x00 0x00 0x00 0x00 0x00 0x00 0x00 0x37 0x00 0x37 0x00 0xaf 0x01 0x33 
0x00 0x00 0x00 0x00 0x00 0x00 0x00 0x00 0x00 0x00 0x01 0x00 0x92 0x00 0x10 0x00 
0x00 0x01 0x11 0x10 0x11 0x11 0x00 0x01 0x00 0x00 0x10 0x11 0x01 0x00 0x00 0x00 
0x00 0x00 0x00 0x00 0x00 0x00 0x00 0x00 0x00 0x01 0x00 0x00 0x30 0x12 0x00 0x10 
0x00 0x00 0x01 0x11 0x10 0x11 0x11 0x00 0x01 0x00 0x00 0x00 0x00 0x00 0x00 0x00 
0x00 0x00 0x00 0x00 0x10 0x00 0x00 0x00 0x00 0x00 0x00 0x00 0x00 0x10 0x11 0x01 
0x01 0x01 0x00 0x00 0x00 0x00 0x00 0x00 0x00 0x00 0x00 0x00 0x00 0x00 0x00 0x00 
0x00 0x00 0x00 0x00 0x00 0x00 0x00 0x00 0x00 0x00 0x00 0x00 0x10 0x01 0x00 0x00 
0x00 0x00 0x00 0x00 0x00 0x10 0x00 0x00 0x10 0x01 

client_19-sample
0x9a 0x25 0x06 0x00 0xff 0xff 0x6e 0x26 0x00 0x38 0x00 0xa1 0x00 0xd7 0x00 0x76 
0x0e 0x00 0x00 0x00 0x00 0x00 0x00 0x00 0x00 0x37 0x00 0x37 0x00 0xaf 0x01 0x33 
0x00 0x00 0x00 0x00 0x00 0x00 0x00 0x00 0x00 0x00 0x01 0x00 0x92 0x00 0x10 0x00 
0x00 0x01 0x11 0x10 0x11 0x11 0x00 0x01 0x00 0x00 0x10 0x11 0x01 0x00 0x00 0x00 
0x00 0x00 0x00 0x00 0x00 0x00 0x00 0x00 0x00 0x01 0x00 0x00 0x30 0x12 0x00 0x10 
0x00 0x00 0x01 0x11 0x10 0x11 0x11 0x00 0x01 0x00 0x00 0x00 0x00 0x00 0x00 0x00 
0x00 0x00 0x00 0x00 0x10 0x00 0x00 0x00 0x00 0x00 0x00 0x00 0x00 0x10 0x11 0x01 
0x01 0x01 0x00 0x00 0x00 0x00 0x00 0x00 0x00 0x00 0x00 0x00 0x00 0x00 0x00 0x00 
0x00 0x00 0x00 0x00 0x00 0x00 0x00 0x00 0x00 0x00 0x00 0x00 0x10 0x01 0x00 0x00 
0x00 0x00 0x00 0x00 0x00 0x10 0x00 0x00 0x10 0x01 

client_19-sample
0x9a 0x2d 0x06 0x00 0xff 0xff 0x6e 0x26 0x00 0x38 0x00 0xa1 0x00 0xd7 0x00 0x76 
0x0e 0x00 0x00 0x00 0x00 0x00 0x00 0x00 0x00 0x37 0x00 0x37 0x00 0xaf 0x01 0x33 
0x00 0x00 0x00 0x00 0x00 0x00 0x00 0x00 0x00 0x00 0x01 0x00 0x9a 0x00 0x10 0x00 
0x00 0x01 0x11 0x10 0x11 0x11 0x00 0x01 0x00 0x00 0x10 0x11 0x01 0x00 0x00 0x00 
0x00 0x00 0x00 0x00 0x00 0x00 0x00 0x00 0x00 0x01 0x00 0x00 0x30 0x12 0x00 0x10 
0x00 0x00 0x01 0x11 0x10 0x11 0x11 0x00 0x01 0x00 0x00 0x00 0x00 0x00 0x00 0x00 
0x00 0x00 0x00 0x00 0x10 0x00 0x00 0x00 0x00 0x00 0x00 0x00 0x00 0x10 0x11 0x01 
0x01 0x01 0x00 0x00 0x00 0x00 0x00 0x00 0x00 0x00 0x00 0x00 0x00 0x00 0x00 0x00 
0x00 0x00 0x00 0x00 0x00 0x00 0x00 0x00 0x00 0x00 0x00 0x00 0x11 0x00 0x00 0x00 
0x00 0x00 0x00 0x00 0x00 0x10 0x00 0x00 0x11 0x00 

client_19-sample
0x9a 0x26 0x06 0x00 0xff 0xff 0x6e 0x26 0x00 0x38 0x00 0xa1 0x00 0xd7 0x00 0x76 
0x0e 0x00 0x00 0x00 0x00 0x00 0x00 0x00 0x00 0x37 0x00 0x37 0x00 0xaf 0x01 0x33 
0x00 0x00 0x00 0x00 0x00 0x00 0x00 0x00 0x00 0x00 0x01 0x00 0x92 0x00 0x10 0x00 
0x00 0x01 0x11 0x10 0x11 0x11 0x00 0x01 0x00 0x00 0x10 0x11 0x01 0x00 0x00 0x00 
0x00 0x00 0x00 0x00 0x00 0x00 0x00 0x00 0x00 0x01 0x00 0x00 0x30 0x12 0x00 0x10 
0x00 0x00 0x01 0x11 0x10 0x11 0x11 0x00 0x01 0x00 0x00 0x00 0x00 0x00 0x00 0x00 
0x00 0x10 0x00 0x00 0x10 0x00 0x00 0x00 0x00 0x00 0x00 0x00 0x00 0x10 0x11 0x01 
0x01 0x01 0x00 0x00 0x00 0x00 0x00 0x00 0x00 0x00 0x00 0x00 0x00 0x00 0x00 0x00 
0x00 0x00 0x00 0x00 0x00 0x00 0x00 0x00 0x00 0x00 0x00 0x00 0x10 0x01 0x00 0x00 
0x00 0x00 0x00 0x00 0x00 0x00 0x01 0x00 0x10 0x01 

client_19-sample
0x9a 0x49 0x06 0x00 0xff 0xff 0x6e 0x26 0x00 0x38 0x00 0xa1 0x00 0xd7 0x00 0x76 
0x0e 0x00 0x00 0x00 0x00 0x00 0x00 0x00 0x00 0x37 0x00 0x37 0x00 0xaf 0x01 0x33 
0x00 0x00 0x00 0x00 0x00 0x00 0x00 0x00 0x00 0x00 0x01 0x00 0x92 0x00 0x10 0x00 
0x00 0x01 0x11 0x10 0x11 0x11 0x00 0x01 0x00 0x00 0x10 0x11 0x01 0x00 0x00 0x00 
0x00 0x00 0x00 0x00 0x00 0x00 0x00 0x00 0x00 0x01 0x00 0x00 0x30 0x12 0x00 0x10 
0x00 0x00 0x01 0x11 0x10 0x11 0x11 0x00 0x01 0x00 0x00 0x00 0x00 0x00 0x00 0x00 
0x00 0x10 0x00 0x00 0x10 0x00 0x11 0x01 0x01 0x00 0x00 0x00 0x00 0x10 0x11 0x01 
0x01 0x01 0x00 0x00 0x00 0x00 0x00 0x00 0x00 0x00 0x00 0x00 0x00 0x00 0x00 0x00 
0x00 0x00 0x00 0x00 0x00 0x00 0x00 0x00 0x00 0x00 0x00 0x00 0x10 0x01 0x00 0x00 
0x00 0x00 0x00 0x00 0x00 0x00 0x00 0x10 0x11 0x01 

client_19-sample
0x9a 0x2d 0x06 0x00 0xff 0xff 0x6e 0x26 0x00 0x38 0x00 0xa1 0x00 0xd7 0x00 0x76 
0x0e 0x00 0x00 0x00 0x00 0x00 0x00 0x00 0x00 0x37 0x00 0x37 0x00 0xaf 0x01 0x33 
0x00 0x00 0x00 0x00 0x00 0x00 0x00 0x00 0x00 0x00 0x01 0x00 0x9a 0x00 0x10 0x00 
0x00 0x01 0x11 0x10 0x11 0x11 0x00 0x01 0x00 0x00 0x10 0x11 0x01 0x00 0x00 0x00 
0x00 0x00 0x00 0x00 0x00 0x00 0x00 0x00 0x00 0x01 0x00 0x00 0x30 0x12 0x00 0x10 
0x00 0x00 0x01 0x11 0x10 0x11 0x11 0x00 0x01 0x00 0x00 0x00 0x00 0x00 0x00 0x00 
0x00 0x00 0x00 0x00 0x10 0x00 0x00 0x00 0x00 0x00 0x00 0x00 0x00 0x10 0x11 0x01 
0x01 0x01 0x00 0x00 0x00 0x00 0x00 0x00 0x00 0x00 0x00 0x00 0x00 0x00 0x00 0x00 
0x00 0x00 0x00 0x00 0x00 0x00 0x00 0x00 0x00 0x00 0x00 0x00 0x11 0x00 0x00 0x00 
0x00 0x00 0x00 0x00 0x00 0x10 0x00 0x00 0x11 0x00 

client_19-sample
0x9a 0x2d 0x06 0x00 0xff 0xff 0x6e 0x26 0x00 0x38 0x00 0xa1 0x00 0xd7 0x00 0x76 
0x0e 0x00 0x00 0x00 0x00 0x00 0x00 0x00 0x00 0x37 0x00 0x37 0x00 0xaf 0x01 0x33 
0x00 0x00 0x00 0x00 0x00 0x00 0x00 0x00 0x00 0x00 0x01 0x00 0x9a 0x00 0x10 0x00 
0x00 0x01 0x11 0x10 0x11 0x11 0x00 0x01 0x00 0x00 0x10 0x11 0x01 0x00 0x00 0x00 
0x00 0x00 0x00 0x00 0x00 0x00 0x00 0x00 0x00 0x01 0x00 0x00 0x30 0x12 0x00 0x10 
0x00 0x00 0x01 0x11 0x10 0x11 0x11 0x00 0x01 0x00 0x00 0x00 0x00 0x00 0x00 0x00 
0x00 0x00 0x00 0x00 0x10 0x00 0x00 0x00 0x00 0x00 0x00 0x00 0x00 0x10 0x11 0x01 
0x01 0x01 0x00 0x00 0x00 0x00 0x00 0x00 0x00 0x00 0x00 0x00 0x00 0x00 0x00 0x00 
0x00 0x00 0x00 0x00 0x00 0x00 0x00 0x00 0x00 0x00 0x00 0x00 0x11 0x00 0x00 0x00 
0x00 0x00 0x00 0x00 0x00 0x10 0x00 0x00 0x11 0x00 

client_19-sample
0x9a 0x25 0x06 0x00 0xff 0xff 0x6e 0x26 0x00 0x38 0x00 0xa1 0x00 0xd7 0x00 0x76 
0x0e 0x00 0x00 0x00 0x00 0x00 0x00 0x00 0x00 0x37 0x00 0x37 0x00 0xaf 0x01 0x33 
0x00 0x00 0x00 0x00 0x00 0x00 0x00 0x00 0x00 0x00 0x01 0x00 0x92 0x00 0x10 0x00 
0x00 0x01 0x11 0x10 0x11 0x11 0x00 0x01 0x00 0x00 0x10 0x11 0x01 0x00 0x00 0x00 
0x00 0x00 0x00 0x00 0x00 0x00 0x00 0x00 0x00 0x01 0x00 0x00 0x30 0x12 0x00 0x10 
0x00 0x00 0x01 0x11 0x10 0x11 0x11 0x00 0x01 0x00 0x00 0x00 0x00 0x00 0x00 0x00 
0x00 0x00 0x00 0x00 0x10 0x00 0x00 0x00 0x00 0x00 0x00 0x00 0x00 0x10 0x11 0x01 
0x01 0x01 0x00 0x00 0x00 0x00 0x00 0x00 0x00 0x00 0x00 0x00 0x00 0x00 0x00 0x00 
0x00 0x00 0x00 0x00 0x00 0x00 0x00 0x00 0x00 0x00 0x00 0x00 0x10 0x01 0x00 0x00 
0x00 0x00 0x00 0x00 0x00 0x10 0x00 0x00 0x10 0x01 

client_19-sample
0x9a 0x25 0x06 0x00 0xff 0xff 0x6e 0x26 0x00 0x38 0x00 0xa1 0x00 0xd7 0x00 0x76 
0x0e 0x00 0x00 0x00 0x00 0x00 0x00 0x00 0x00 0x37 0x00 0x37 0x00 0xaf 0x01 0x33 
0x00 0x00 0x00 0x00 0x00 0x00 0x00 0x00 0x00 0x00 0x01 0x00 0x92 0x00 0x10 0x00 
0x00 0x01 0x11 0x10 0x11 0x11 0x00 0x01 0x00 0x00 0x10 0x11 0x01 0x00 0x00 0x00 
0x00 0x00 0x00 0x00 0x00 0x00 0x00 0x00 0x00 0x01 0x00 0x00 0x30 0x12 0x00 0x10 
0x00 0x00 0x01 0x11 0x10 0x11 0x11 0x00 0x01 0x00 0x00 0x00 0x00 0x00 0x00 0x00 
0x00 0x00 0x00 0x00 0x10 0x00 0x00 0x00 0x00 0x00 0x00 0x00 0x00 0x10 0x11 0x01 
0x01 0x01 0x00 0x00 0x00 0x00 0x00 0x00 0x00 0x00 0x00 0x00 0x00 0x00 0x00 0x00 
0x00 0x00 0x00 0x00 0x00 0x00 0x00 0x00 0x00 0x00 0x00 0x00 0x10 0x01 0x00 0x00 
0x00 0x00 0x00 0x00 0x00 0x10 0x00 0x00 0x10 0x01 

client_19-sample
0x9a 0x2d 0x06 0x00 0xff 0xff 0x6e 0x26 0x00 0x38 0x00 0xa1 0x00 0xd7 0x00 0x76 
0x0e 0x00 0x00 0x00 0x00 0x00 0x00 0x00 0x00 0x37 0x00 0x37 0x00 0xaf 0x01 0x33 
0x00 0x00 0x00 0x00 0x00 0x00 0x00 0x00 0x00 0x00 0x01 0x00 0x9a 0x00 0x10 0x00 
0x00 0x01 0x11 0x10 0x11 0x11 0x00 0x01 0x00 0x00 0x10 0x11 0x01 0x00 0x00 0x00 
0x00 0x00 0x00 0x00 0x00 0x00 0x00 0x00 0x00 0x01 0x00 0x00 0x30 0x12 0x00 0x10 
0x00 0x00 0x01 0x11 0x10 0x11 0x11 0x00 0x01 0x00 0x00 0x00 0x00 0x00 0x00 0x00 
0x00 0x00 0x00 0x00 0x10 0x00 0x00 0x00 0x00 0x00 0x00 0x00 0x00 0x10 0x11 0x01 
0x01 0x01 0x00 0x00 0x00 0x00 0x00 0x00 0x00 0x00 0x00 0x00 0x00 0x00 0x00 0x00 
0x00 0x00 0x00 0x00 0x00 0x00 0x00 0x00 0x00 0x00 0x00 0x00 0x11 0x00 0x00 0x00 
0x00 0x00 0x00 0x00 0x00 0x10 0x00 0x00 0x11 0x00 

client_19-sample
0x9a 0x2d 0x06 0x00 0xff 0xff 0x6e 0x26 0x00 0x38 0x00 0xa1 0x00 0xd7 0x00 0x76 
0x0e 0x00 0x00 0x00 0x00 0x00 0x00 0x00 0x00 0x37 0x00 0x37 0x00 0xaf 0x01 0x33 
0x00 0x00 0x00 0x00 0x00 0x00 0x00 0x00 0x00 0x00 0x01 0x00 0x9a 0x00 0x10 0x00 
0x00 0x01 0x11 0x10 0x11 0x11 0x00 0x01 0x00 0x00 0x10 0x11 0x01 0x00 0x00 0x00 
0x00 0x00 0x00 0x00 0x00 0x00 0x00 0x00 0x00 0x01 0x00 0x00 0x30 0x12 0x00 0x10 
0x00 0x00 0x01 0x11 0x10 0x11 0x11 0x00 0x01 0x00 0x00 0x00 0x00 0x00 0x00 0x00 
0x00 0x00 0x00 0x00 0x10 0x00 0x00 0x00 0x00 0x00 0x00 0x00 0x00 0x10 0x11 0x01 
0x01 0x01 0x00 0x00 0x00 0x00 0x00 0x00 0x00 0x00 0x00 0x00 0x00 0x00 0x00 0x00 
0x00 0x00 0x00 0x00 0x00 0x00 0x00 0x00 0x00 0x00 0x00 0x00 0x11 0x00 0x00 0x00 
0x00 0x00 0x00 0x00 0x00 0x10 0x00 0x00 0x11 0x00 

client_19-sample
0x9a 0x2d 0x06 0x00 0xff 0xff 0x6e 0x26 0x00 0x38 0x00 0xa1 0x00 0xd7 0x00 0x76 
0x0e 0x00 0x00 0x00 0x00 0x00 0x00 0x00 0x00 0x37 0x00 0x37 0x00 0xaf 0x01 0x33 
0x00 0x00 0x00 0x00 0x00 0x00 0x00 0x00 0x00 0x00 0x01 0x00 0x9a 0x00 0x10 0x00 
0x00 0x01 0x11 0x10 0x11 0x11 0x00 0x01 0x00 0x00 0x10 0x11 0x01 0x00 0x00 0x00 
0x00 0x00 0x00 0x00 0x00 0x00 0x00 0x00 0x00 0x01 0x00 0x00 0x30 0x12 0x00 0x10 
0x00 0x00 0x01 0x11 0x10 0x11 0x11 0x00 0x01 0x00 0x00 0x00 0x00 0x00 0x00 0x00 
0x00 0x00 0x00 0x00 0x10 0x00 0x00 0x00 0x00 0x00 0x00 0x00 0x00 0x10 0x11 0x01 
0x01 0x01 0x00 0x00 0x00 0x00 0x00 0x00 0x00 0x00 0x00 0x00 0x00 0x00 0x00 0x00 
0x00 0x00 0x00 0x00 0x00 0x00 0x00 0x00 0x00 0x00 0x00 0x00 0x11 0x00 0x00 0x00 
0x00 0x00 0x00 0x00 0x00 0x10 0x00 0x00 0x11 0x00 

client_19-sample
0x9a 0x2d 0x06 0x00 0xff 0xff 0x6e 0x26 0x00 0x38 0x00 0xa1 0x00 0xd7 0x00 0x76 
0x0e 0x00 0x00 0x00 0x00 0x00 0x00 0x00 0x00 0x37 0x00 0x37 0x00 0xaf 0x01 0x33 
0x00 0x00 0x00 0x00 0x00 0x00 0x00 0x00 0x00 0x00 0x01 0x00 0x9a 0x00 0x10 0x00 
0x00 0x01 0x11 0x10 0x11 0x11 0x00 0x01 0x00 0x00 0x10 0x11 0x01 0x00 0x00 0x00 
0x00 0x00 0x00 0x00 0x00 0x00 0x00 0x00 0x00 0x01 0x00 0x00 0x30 0x12 0x00 0x10 
0x00 0x00 0x01 0x11 0x10 0x11 0x11 0x00 0x01 0x00 0x00 0x00 0x00 0x00 0x00 0x00 
0x00 0x00 0x00 0x00 0x10 0x00 0x00 0x00 0x00 0x00 0x00 0x00 0x00 0x10 0x11 0x01 
0x01 0x01 0x00 0x00 0x00 0x00 0x00 0x00 0x00 0x00 0x00 0x00 0x00 0x00 0x00 0x00 
0x00 0x00 0x00 0x00 0x00 0x00 0x00 0x00 0x00 0x00 0x00 0x00 0x11 0x00 0x00 0x00 
0x00 0x00 0x00 0x00 0x00 0x10 0x00 0x00 0x11 0x00 

client_19-sample
0x9a 0x2d 0x06 0x00 0xff 0xff 0x6e 0x26 0x00 0x38 0x00 0xa1 0x00 0xd7 0x00 0x76 
0x0e 0x00 0x00 0x00 0x00 0x00 0x00 0x00 0x00 0x37 0x00 0x37 0x00 0xaf 0x01 0x33 
0x00 0x00 0x00 0x00 0x00 0x00 0x00 0x00 0x00 0x00 0x01 0x00 0x9a 0x00 0x10 0x00 
0x00 0x01 0x11 0x10 0x11 0x11 0x00 0x01 0x00 0x00 0x10 0x11 0x01 0x00 0x00 0x00 
0x00 0x00 0x00 0x00 0x00 0x00 0x00 0x00 0x00 0x01 0x00 0x00 0x30 0x12 0x00 0x10 
0x00 0x00 0x01 0x11 0x10 0x11 0x11 0x00 0x01 0x00 0x00 0x00 0x00 0x00 0x00 0x00 
0x00 0x00 0x00 0x00 0x10 0x00 0x00 0x00 0x00 0x00 0x00 0x00 0x00 0x10 0x11 0x01 
0x01 0x01 0x00 0x00 0x00 0x00 0x00 0x00 0x00 0x00 0x00 0x00 0x00 0x00 0x00 0x00 
0x00 0x00 0x00 0x00 0x00 0x00 0x00 0x00 0x00 0x00 0x00 0x00 0x11 0x00 0x00 0x00 
0x00 0x00 0x00 0x00 0x00 0x10 0x00 0x00 0x11 0x00 

client_19-sample
0x9a 0x2d 0x06 0x00 0xff 0xff 0x6e 0x26 0x00 0x38 0x00 0xa1 0x00 0xd7 0x00 0x76 
0x0e 0x00 0x00 0x00 0x00 0x00 0x00 0x00 0x00 0x37 0x00 0x37 0x00 0xaf 0x01 0x33 
0x00 0x00 0x00 0x00 0x00 0x00 0x00 0x00 0x00 0x00 0x01 0x00 0x9a 0x00 0x10 0x00 
0x00 0x01 0x11 0x10 0x11 0x11 0x00 0x01 0x00 0x00 0x10 0x11 0x01 0x00 0x00 0x00 
0x00 0x00 0x00 0x00 0x00 0x00 0x00 0x00 0x00 0x01 0x00 0x00 0x30 0x12 0x00 0x10 
0x00 0x00 0x01 0x11 0x10 0x11 0x11 0x00 0x01 0x00 0x00 0x00 0x00 0x00 0x00 0x00 
0x00 0x00 0x00 0x00 0x10 0x00 0x00 0x00 0x00 0x00 0x00 0x00 0x00 0x10 0x11 0x01 
0x01 0x01 0x00 0x00 0x00 0x00 0x00 0x00 0x00 0x00 0x00 0x00 0x00 0x00 0x00 0x00 
0x00 0x00 0x00 0x00 0x00 0x00 0x00 0x00 0x00 0x00 0x00 0x00 0x11 0x00 0x00 0x00 
0x00 0x00 0x00 0x00 0x00 0x10 0x00 0x00 0x11 0x00 

client_19-sample
0x9a 0x2d 0x06 0x00 0xff 0xff 0x6e 0x26 0x00 0x38 0x00 0xa1 0x00 0xd7 0x00 0x76 
0x0e 0x00 0x00 0x00 0x00 0x00 0x00 0x00 0x00 0x37 0x00 0x37 0x00 0xaf 0x01 0x33 
0x00 0x00 0x00 0x00 0x00 0x00 0x00 0x00 0x00 0x00 0x01 0x00 0x9a 0x00 0x10 0x00 
0x00 0x01 0x11 0x10 0x11 0x11 0x00 0x01 0x00 0x00 0x10 0x11 0x01 0x00 0x00 0x00 
0x00 0x00 0x00 0x00 0x00 0x00 0x00 0x00 0x00 0x01 0x00 0x00 0x30 0x12 0x00 0x10 
0x00 0x00 0x01 0x11 0x10 0x11 0x11 0x00 0x01 0x00 0x00 0x00 0x00 0x00 0x00 0x00 
0x00 0x00 0x00 0x00 0x10 0x00 0x00 0x00 0x00 0x00 0x00 0x00 0x00 0x10 0x11 0x01 
0x01 0x01 0x00 0x00 0x00 0x00 0x00 0x00 0x00 0x00 0x00 0x00 0x00 0x00 0x00 0x00 
0x00 0x00 0x00 0x00 0x00 0x00 0x00 0x00 0x00 0x00 0x00 0x00 0x11 0x00 0x00 0x00 
0x00 0x00 0x00 0x00 0x00 0x10 0x00 0x00 0x11 0x00 

client_19-sample
0x9a 0x2e 0x06 0x00 0xff 0xff 0x6e 0x26 0x00 0x38 0x00 0xa1 0x00 0xd7 0x00 0x76 
0x0e 0x00 0x00 0x00 0x00 0x00 0x00 0x00 0x00 0x37 0x00 0x37 0x00 0xaf 0x01 0x33 
0x00 0x00 0x00 0x00 0x00 0x00 0x00 0x00 0x00 0x00 0x01 0x00 0x9a 0x00 0x10 0x00 
0x00 0x01 0x11 0x10 0x11 0x11 0x00 0x01 0x00 0x00 0x10 0x11 0x01 0x00 0x00 0x00 
0x00 0x00 0x00 0x00 0x00 0x00 0x00 0x00 0x00 0x01 0x00 0x00 0x30 0x12 0x00 0x10 
0x00 0x00 0x01 0x11 0x10 0x11 0x11 0x00 0x01 0x00 0x00 0x00 0x00 0x00 0x00 0x00 
0x00 0x10 0x00 0x00 0x10 0x00 0x00 0x00 0x00 0x00 0x00 0x00 0x00 0x10 0x11 0x01 
0x01 0x01 0x00 0x00 0x00 0x00 0x00 0x00 0x00 0x00 0x00 0x00 0x00 0x00 0x00 0x00 
0x00 0x00 0x00 0x00 0x00 0x00 0x00 0x00 0x00 0x00 0x00 0x00 0x11 0x00 0x00 0x00 
0x00 0x00 0x00 0x00 0x00 0x00 0x01 0x00 0x11 0x00 

client_19-sample
0x9a 0x2e 0x06 0x00 0xff 0xff 0x6e 0x26 0x00 0x38 0x00 0xa1 0x00 0xd7 0x00 0x76 
0x0e 0x00 0x00 0x00 0x00 0x00 0x00 0x00 0x00 0x37 0x00 0x37 0x00 0xaf 0x01 0x33 
0x00 0x00 0x00 0x00 0x00 0x00 0x00 0x00 0x00 0x00 0x01 0x00 0x9a 0x00 0x10 0x00 
0x00 0x01 0x11 0x10 0x11 0x11 0x00 0x01 0x00 0x00 0x10 0x11 0x01 0x00 0x00 0x00 
0x00 0x00 0x00 0x00 0x00 0x00 0x00 0x00 0x00 0x01 0x00 0x00 0x30 0x12 0x00 0x10 
0x00 0x00 0x01 0x11 0x10 0x11 0x11 0x00 0x01 0x00 0x00 0x00 0x00 0x00 0x00 0x00 
0x00 0x10 0x00 0x00 0x10 0x00 0x00 0x00 0x00 0x00 0x00 0x00 0x00 0x10 0x11 0x01 
0x01 0x01 0x00 0x00 0x00 0x00 0x00 0x00 0x00 0x00 0x00 0x00 0x00 0x00 0x00 0x00 
0x00 0x00 0x00 0x00 0x00 0x00 0x00 0x00 0x00 0x00 0x00 0x00 0x11 0x00 0x00 0x00 
0x00 0x00 0x00 0x00 0x00 0x00 0x01 0x00 0x11 0x00 

client_19-sample
0x9a 0x2e 0x06 0x00 0xff 0xff 0x6e 0x26 0x00 0x38 0x00 0xa1 0x00 0xd7 0x00 0x76 
0x0e 0x00 0x00 0x00 0x00 0x00 0x00 0x00 0x00 0x37 0x00 0x37 0x00 0xaf 0x01 0x33 
0x00 0x00 0x00 0x00 0x00 0x00 0x00 0x00 0x00 0x00 0x01 0x00 0x9a 0x00 0x10 0x00 
0x00 0x01 0x11 0x10 0x11 0x11 0x00 0x01 0x00 0x00 0x10 0x11 0x01 0x00 0x00 0x00 
0x00 0x00 0x00 0x00 0x00 0x00 0x00 0x00 0x00 0x01 0x00 0x00 0x30 0x12 0x00 0x10 
0x00 0x00 0x01 0x11 0x10 0x11 0x11 0x00 0x01 0x00 0x00 0x00 0x00 0x00 0x00 0x00 
0x00 0x10 0x00 0x00 0x10 0x00 0x00 0x00 0x00 0x00 0x00 0x00 0x00 0x10 0x11 0x01 
0x01 0x01 0x00 0x00 0x00 0x00 0x00 0x00 0x00 0x00 0x00 0x00 0x00 0x00 0x00 0x00 
0x00 0x00 0x00 0x00 0x00 0x00 0x00 0x00 0x00 0x00 0x00 0x00 0x11 0x00 0x00 0x00 
0x00 0x00 0x00 0x00 0x00 0x00 0x01 0x00 0x11 0x00 

client_19-sample
0x9a 0x26 0x06 0x00 0xff 0xff 0x6e 0x26 0x00 0x38 0x00 0xa1 0x00 0xd7 0x00 0x76 
0x0e 0x00 0x00 0x00 0x00 0x00 0x00 0x00 0x00 0x37 0x00 0x37 0x00 0xaf 0x01 0x33 
0x00 0x00 0x00 0x00 0x00 0x00 0x00 0x00 0x00 0x00 0x01 0x00 0x92 0x00 0x10 0x00 
0x00 0x01 0x11 0x10 0x11 0x11 0x00 0x01 0x00 0x00 0x10 0x11 0x01 0x00 0x00 0x00 
0x00 0x00 0x00 0x00 0x00 0x00 0x00 0x00 0x00 0x01 0x00 0x00 0x30 0x12 0x00 0x10 
0x00 0x00 0x01 0x11 0x10 0x11 0x11 0x00 0x01 0x00 0x00 0x00 0x00 0x00 0x00 0x00 
0x00 0x10 0x00 0x00 0x10 0x00 0x00 0x00 0x00 0x00 0x00 0x00 0x00 0x10 0x11 0x01 
0x01 0x01 0x00 0x00 0x00 0x00 0x00 0x00 0x00 0x00 0x00 0x00 0x00 0x00 0x00 0x00 
0x00 0x00 0x00 0x00 0x00 0x00 0x00 0x00 0x00 0x00 0x00 0x00 0x10 0x01 0x00 0x00 
0x00 0x00 0x00 0x00 0x00 0x00 0x01 0x00 0x10 0x01 

client_19-sample
0x9a 0x46 0x06 0x00 0xff 0xff 0x6e 0x26 0x00 0x38 0x00 0xa1 0x00 0xd7 0x00 0x76 
0x0e 0x00 0x00 0x00 0x00 0x00 0x00 0x00 0x00 0x37 0x00 0x37 0x00 0xaf 0x01 0x33 
0x00 0x00 0x00 0x00 0x00 0x00 0x00 0x00 0x00 0x00 0x01 0x00 0x92 0x00 0x10 0x00 
0x00 0x01 0x11 0x10 0x11 0x11 0x00 0x01 0x00 0x00 0x10 0x11 0x01 0x00 0x00 0x00 
0x00 0x00 0x00 0x00 0x00 0x00 0x00 0x00 0x00 0x01 0x00 0x00 0x30 0x12 0x00 0x10 
0x00 0x00 0x01 0x11 0x10 0x11 0x11 0x00 0x01 0x00 0x00 0x00 0x00 0x00 0x00 0x00 
0x00 0x10 0x00 0x00 0x10 0x00 0x00 0x00 0x00 0x00 0x00 0x00 0x00 0x10 0x11 0x01 
0x01 0x01 0x00 0x00 0x00 0x00 0x00 0x00 0x00 0x00 0x00 0x00 0x00 0x00 0x00 0x00 
0x00 0x10 0x00 0x00 0x00 0x00 0x00 0x00 0x00 0x00 0x00 0x00 0x10 0x01 0x00 0x00 
0x00 0x00 0x00 0x00 0x00 0x10 0x01 0x00 0x10 0x01 

client_19-sample
0x9a 0x46 0x06 0x00 0xff 0xff 0x6e 0x26 0x00 0x38 0x00 0xa1 0x00 0xd7 0x00 0x76 
0x0e 0x00 0x00 0x00 0x00 0x00 0x00 0x00 0x00 0x37 0x00 0x37 0x00 0xaf 0x01 0x33 
0x00 0x00 0x00 0x00 0x00 0x00 0x00 0x00 0x00 0x00 0x01 0x00 0x92 0x00 0x10 0x00 
0x00 0x01 0x11 0x10 0x11 0x11 0x00 0x01 0x00 0x00 0x10 0x11 0x01 0x00 0x00 0x00 
0x00 0x00 0x00 0x00 0x00 0x00 0x00 0x00 0x00 0x01 0x00 0x00 0x30 0x12 0x00 0x10 
0x00 0x00 0x01 0x11 0x10 0x11 0x11 0x00 0x01 0x00 0x00 0x00 0x00 0x00 0x00 0x00 
0x00 0x10 0x00 0x00 0x10 0x00 0x00 0x00 0x00 0x00 0x00 0x00 0x00 0x10 0x11 0x01 
0x01 0x01 0x00 0x00 0x00 0x00 0x00 0x00 0x00 0x00 0x00 0x00 0x00 0x00 0x00 0x00 
0x00 0x10 0x00 0x00 0x00 0x00 0x00 0x00 0x00 0x00 0x00 0x00 0x10 0x01 0x00 0x00 
0x00 0x00 0x00 0x00 0x00 0x10 0x01 0x00 0x10 0x01 

